<?xml version="1.0" encoding="UTF-8"?>
<!-- Generated by org.testng.reporters.JUnitReportReporter -->
<testsuite hostname="Stephy" failures="0" tests="1" name="testpkg.Rishiherbaltest" time="9.185" errors="0" timestamp="2024-03-07T13:44:50 IST" skipped="0">
  <testcase classname="testpkg.Rishiherbaltest" name="test" time="9.185"/>
</testsuite> <!-- testpkg.Rishiherbaltest -->
