<?xml version="1.0" encoding="UTF-8"?>
<!-- Generated by org.testng.reporters.JUnitReportReporter -->
<testsuite hostname="Stephy" failures="0" tests="1" name="testpkg.Herbaltest" time="1.500" errors="0" timestamp="2024-03-11T20:12:12 IST" skipped="0">
  <testcase classname="testpkg.Herbaltest" name="testlogin" time="1.500"/>
</testsuite> <!-- testpkg.Herbaltest -->
