<?xml version="1.0" encoding="UTF-8"?>
<!-- Generated by org.testng.reporters.JUnitReportReporter -->
<testsuite hostname="Stephy" failures="0" tests="1" name="testpkg.Logintest" time="28.538" errors="0" timestamp="2024-03-07T12:32:14 IST" skipped="0">
  <testcase classname="testpkg.Logintest" name="testlogin" time="28.538"/>
</testsuite> <!-- testpkg.Logintest -->
